#
# There is insufficient memory for the Java Runtime Environment to continue.
# Native memory allocation (malloc) failed to allocate 692896 bytes for Chunk::new
# Possible reasons:
#   The system is out of physical RAM or swap space
#   In 32 bit mode, the process size limit was hit
# Possible solutions:
#   Reduce memory load on the system
#   Increase physical memory or swap space
#   Check if swap backing store is full
#   Use 64 bit Java on a 64 bit OS
#   Decrease Java heap size (-Xmx/-Xms)
#   Decrease number of Java threads
#   Decrease Java thread stack sizes (-Xss)
#   Set larger code cache with -XX:ReservedCodeCacheSize=
# This output file may be truncated or incomplete.
#
#  Out of Memory Error (allocation.cpp:390), pid=6772, tid=5488
#
# JRE version: Java(TM) SE Runtime Environment (8.0_51-b16) (build 1.8.0_51-b16)
# Java VM: Java HotSpot(TM) 64-Bit Server VM (25.51-b03 mixed mode windows-amd64 compressed oops)
# Failed to write core dump. Minidumps are not enabled by default on client versions of Windows
#

---------------  T H R E A D  ---------------

Current thread (0x0000000016a9d800):  JavaThread "C2 CompilerThread0" daemon [_thread_in_native, id=5488, stack(0x0000000018000000,0x0000000018100000)]

Stack: [0x0000000018000000,0x0000000018100000]
Native frames: (J=compiled Java code, j=interpreted, Vv=VM code, C=native code)
V  [jvm.dll+0x32b4ca]


Current CompileTask:
C2:1063152 20632       4       com.android.dx.dex.file.DebugInfoEncoder::emitLocalStart (108 bytes)


---------------  P R O C E S S  ---------------

Java Threads: ( => current thread )
  0x000000001cde5800 JavaThread "pool-224-thread-1" [_thread_blocked, id=3712, stack(0x0000000042aa0000,0x0000000042ba0000)]
  0x000000001cde4000 JavaThread "pool-223-thread-1" [_thread_blocked, id=6416, stack(0x00000000429a0000,0x0000000042aa0000)]
  0x0000000019d39800 JavaThread "pool-120-thread-4" [_thread_in_native, id=6388, stack(0x00000000367a0000,0x00000000368a0000)]
  0x0000000019d40000 JavaThread "pool-120-thread-3" [_thread_blocked, id=5052, stack(0x00000000366a0000,0x00000000367a0000)]
  0x0000000019d3e800 JavaThread "pool-120-thread-2" [_thread_in_native, id=5204, stack(0x00000000365a0000,0x00000000366a0000)]
  0x0000000019d3f800 JavaThread "pool-120-thread-1" [_thread_in_native, id=6212, stack(0x00000000364a0000,0x00000000365a0000)]
  0x0000000019d36800 JavaThread "Asynchronous log dispatcher for org.gradle.launcher.daemon.server.DefaultDaemonConnection@682a049c" [_thread_blocked, id=5148, stack(0x00000000362a0000,0x00000000363a0000)]
  0x0000000019d38000 JavaThread "Cancel handler" [_thread_blocked, id=6004, stack(0x00000000361a0000,0x00000000362a0000)]
  0x0000000019d3c800 JavaThread "Handler for socket connection from /127.0.0.1:51903 to /127.0.0.1:53178" [_thread_in_native, id=1132, stack(0x00000000360a0000,0x00000000361a0000)]
  0x0000000019d35800 JavaThread "Daemon worker Thread 3" [_thread_blocked, id=6164, stack(0x0000000035da0000,0x0000000035ea0000)]
  0x0000000019d34000 JavaThread "Daemon Thread 3" [_thread_blocked, id=3916, stack(0x0000000035aa0000,0x0000000035ba0000)]
  0x000000001cde0000 JavaThread "pool-10-thread-4" [_thread_blocked, id=7328, stack(0x0000000028ea0000,0x0000000028fa0000)]
  0x000000001cde6000 JavaThread "pool-10-thread-3" [_thread_blocked, id=4876, stack(0x0000000028da0000,0x0000000028ea0000)]
  0x000000001cde4800 JavaThread "pool-10-thread-2" [_thread_blocked, id=2952, stack(0x0000000028ca0000,0x0000000028da0000)]
  0x000000001cddf800 JavaThread "pool-10-thread-1" [_thread_blocked, id=7164, stack(0x0000000028ba0000,0x0000000028ca0000)]
  0x000000001b9cb000 JavaThread "stdout" daemon [_thread_in_native, id=6152, stack(0x00000000267d0000,0x00000000268d0000)]
  0x000000001b9c9800 JavaThread "stderr" daemon [_thread_in_native, id=7244, stack(0x00000000266d0000,0x00000000267d0000)]
  0x000000001b9c9000 JavaThread "stdout" daemon [_thread_in_native, id=6172, stack(0x00000000265d0000,0x00000000266d0000)]
  0x000000001b9c8000 JavaThread "stderr" daemon [_thread_in_native, id=4556, stack(0x00000000264d0000,0x00000000265d0000)]
  0x000000001b9c7800 JavaThread "stdout" daemon [_thread_in_native, id=5772, stack(0x00000000263d0000,0x00000000264d0000)]
  0x000000001b9c6800 JavaThread "stderr" daemon [_thread_in_native, id=6856, stack(0x00000000262d0000,0x00000000263d0000)]
  0x000000001b9ca800 JavaThread "stdout" daemon [_thread_in_native, id=6060, stack(0x00000000261d0000,0x00000000262d0000)]
  0x000000001b9bf000 JavaThread "stderr" daemon [_thread_in_native, id=6536, stack(0x00000000260d0000,0x00000000261d0000)]
  0x000000001b9c5000 JavaThread "stdout" daemon [_thread_in_native, id=2968, stack(0x0000000025fd0000,0x00000000260d0000)]
  0x000000001b9c6000 JavaThread "stderr" daemon [_thread_in_native, id=5708, stack(0x0000000025ed0000,0x0000000025fd0000)]
  0x000000001b9c0800 JavaThread "stdout" daemon [_thread_in_native, id=6360, stack(0x0000000025dd0000,0x0000000025ed0000)]
  0x000000001b9bd800 JavaThread "stderr" daemon [_thread_in_native, id=5768, stack(0x0000000025cd0000,0x0000000025dd0000)]
  0x000000001b9c4800 JavaThread "stdout" daemon [_thread_in_native, id=7964, stack(0x0000000025bd0000,0x0000000025cd0000)]
  0x000000001b9bd000 JavaThread "stderr" daemon [_thread_in_native, id=7812, stack(0x0000000025ad0000,0x0000000025bd0000)]
  0x000000001b9be800 JavaThread "stdout" daemon [_thread_in_native, id=5604, stack(0x00000000258d0000,0x00000000259d0000)]
  0x000000001b9c1800 JavaThread "stderr" daemon [_thread_in_native, id=6512, stack(0x00000000257d0000,0x00000000258d0000)]
  0x000000001b9c3800 JavaThread "stdout" daemon [_thread_in_native, id=6756, stack(0x00000000256d0000,0x00000000257d0000)]
  0x000000001b9c0000 JavaThread "stderr" daemon [_thread_in_native, id=2460, stack(0x00000000255d0000,0x00000000256d0000)]
  0x000000001b9c3000 JavaThread "stdout" daemon [_thread_in_native, id=5212, stack(0x00000000254d0000,0x00000000255d0000)]
  0x0000000020588000 JavaThread "stderr" daemon [_thread_in_native, id=6244, stack(0x00000000253d0000,0x00000000254d0000)]
  0x0000000020586000 JavaThread "png-cruncher_15" daemon [_thread_blocked, id=6908, stack(0x00000000252d0000,0x00000000253d0000)]
  0x0000000020586800 JavaThread "png-cruncher_14" daemon [_thread_blocked, id=6884, stack(0x00000000251d0000,0x00000000252d0000)]
  0x0000000020587800 JavaThread "png-cruncher_13" daemon [_thread_blocked, id=2960, stack(0x00000000250d0000,0x00000000251d0000)]
  0x0000000020585000 JavaThread "png-cruncher_12" daemon [_thread_blocked, id=6676, stack(0x0000000024fd0000,0x00000000250d0000)]
  0x0000000020584800 JavaThread "png-cruncher_11" daemon [_thread_blocked, id=4136, stack(0x0000000024ed0000,0x0000000024fd0000)]
  0x000000002057d000 JavaThread "png-cruncher_10" daemon [_thread_blocked, id=6476, stack(0x0000000024dd0000,0x0000000024ed0000)]
  0x0000000020583000 JavaThread "png-cruncher_9" daemon [_thread_blocked, id=3584, stack(0x0000000024cd0000,0x0000000024dd0000)]
  0x0000000020583800 JavaThread "png-cruncher_8" daemon [_thread_blocked, id=4088, stack(0x0000000024bd0000,0x0000000024cd0000)]
  0x000000002057b800 JavaThread "png-cruncher_7" daemon [_thread_blocked, id=972, stack(0x0000000024ad0000,0x0000000024bd0000)]
  0x0000000020582000 JavaThread "png-cruncher_6" daemon [_thread_blocked, id=7612, stack(0x00000000249d0000,0x0000000024ad0000)]
  0x000000002057c000 JavaThread "stdout" daemon [_thread_in_native, id=4092, stack(0x00000000248d0000,0x00000000249d0000)]
  0x000000002057a800 JavaThread "stderr" daemon [_thread_in_native, id=3352, stack(0x00000000247d0000,0x00000000248d0000)]
  0x0000000020581800 JavaThread "stdout" daemon [_thread_in_native, id=5852, stack(0x00000000246d0000,0x00000000247d0000)]
  0x000000002057a000 JavaThread "stderr" daemon [_thread_in_native, id=4260, stack(0x00000000245d0000,0x00000000246d0000)]
  0x0000000020580800 JavaThread "stdout" daemon [_thread_in_native, id=4656, stack(0x00000000244d0000,0x00000000245d0000)]
  0x000000002057e800 JavaThread "stderr" daemon [_thread_in_native, id=4108, stack(0x00000000243d0000,0x00000000244d0000)]
  0x0000000020579000 JavaThread "stdout" daemon [_thread_in_native, id=3812, stack(0x00000000242d0000,0x00000000243d0000)]
  0x000000002057d800 JavaThread "stderr" daemon [_thread_in_native, id=4872, stack(0x00000000241d0000,0x00000000242d0000)]
  0x000000002057f000 JavaThread "stdout" daemon [_thread_in_native, id=8184, stack(0x00000000240d0000,0x00000000241d0000)]
  0x0000000020580000 JavaThread "stderr" daemon [_thread_in_native, id=6724, stack(0x0000000023fd0000,0x00000000240d0000)]
  0x00000000185f8800 JavaThread "png-cruncher_5" daemon [_thread_blocked, id=832, stack(0x0000000023ed0000,0x0000000023fd0000)]
  0x00000000185f7800 JavaThread "png-cruncher_4" daemon [_thread_blocked, id=6820, stack(0x0000000023dd0000,0x0000000023ed0000)]
  0x00000000185fa000 JavaThread "png-cruncher_3" daemon [_thread_blocked, id=7448, stack(0x0000000023cd0000,0x0000000023dd0000)]
  0x00000000185fe800 JavaThread "png-cruncher_2" daemon [_thread_blocked, id=3268, stack(0x0000000023bd0000,0x0000000023cd0000)]
  0x00000000185fd800 JavaThread "png-cruncher_1" daemon [_thread_blocked, id=88, stack(0x0000000023ad0000,0x0000000023bd0000)]
  0x0000000020330800 JavaThread "File lock request listener" [_thread_in_native, id=6432, stack(0x000000001e000000,0x000000001e100000)]
  0x0000000019a4d800 JavaThread "Incoming local TCP Connector on port 51903" [_thread_in_native, id=4240, stack(0x000000001a540000,0x000000001a640000)]
  0x00000000197a3000 JavaThread "pool-1-thread-1" [_thread_blocked, id=5560, stack(0x0000000019100000,0x0000000019200000)]
  0x0000000016afe800 JavaThread "Service Thread" daemon [_thread_blocked, id=5456, stack(0x0000000018700000,0x0000000018800000)]
  0x0000000016aa4800 JavaThread "C1 CompilerThread2" daemon [_thread_in_vm, id=2084, stack(0x0000000018200000,0x0000000018300000)]
  0x0000000016aa1800 JavaThread "C2 CompilerThread1" daemon [_thread_in_native, id=5332, stack(0x0000000018100000,0x0000000018200000)]
=>0x0000000016a9d800 JavaThread "C2 CompilerThread0" daemon [_thread_in_native, id=5488, stack(0x0000000018000000,0x0000000018100000)]
  0x0000000016a9b800 JavaThread "Attach Listener" daemon [_thread_blocked, id=6124, stack(0x0000000017f00000,0x0000000018000000)]
  0x0000000016a9a000 JavaThread "Signal Dispatcher" daemon [_thread_blocked, id=8032, stack(0x0000000017e00000,0x0000000017f00000)]
  0x0000000003127000 JavaThread "Finalizer" daemon [_thread_blocked, id=7972, stack(0x0000000017d00000,0x0000000017e00000)]
  0x000000000311d000 JavaThread "Reference Handler" daemon [_thread_blocked, id=1416, stack(0x0000000017c00000,0x0000000017d00000)]
  0x0000000003030800 JavaThread "main" [_thread_blocked, id=7000, stack(0x0000000002f30000,0x0000000003030000)]

Other Threads:
  0x0000000016a68000 VMThread [stack: 0x0000000017b00000,0x0000000017c00000] [id=5500]
  0x000000001833a000 WatcherThread [stack: 0x0000000018800000,0x0000000018900000] [id=7432]

VM state:synchronizing (normal execution)

VM Mutex/Monitor currently owned by a thread:  ([mutex/lock_event])
[0x00000000016ecbb0] Threads_lock - owner thread: 0x0000000016a68000

Heap:
 PSYoungGen      total 431616K, used 97116K [0x00000000e0000000, 0x00000000ff900000, 0x0000000100000000)
  eden space 344064K, 22% used [0x00000000e0000000,0x00000000e4b75048,0x00000000f5000000)
  from space 87552K, 22% used [0x00000000fa300000,0x00000000fb662170,0x00000000ff880000)
  to   space 84992K, 0% used [0x00000000f5000000,0x00000000f5000000,0x00000000fa300000)
 ParOldGen       total 257536K, used 134844K [0x00000000a0000000, 0x00000000afb80000, 0x00000000e0000000)
  object space 257536K, 52% used [0x00000000a0000000,0x00000000a83af198,0x00000000afb80000)
 Metaspace       used 71710K, capacity 74018K, committed 74368K, reserved 1114112K
  class space    used 9062K, capacity 9529K, committed 9600K, reserved 1048576K

Card table byte_map: [0x00000000124f0000,0x0000000012800000] byte_map_base: 0x0000000011ff0000

Marking Bits: (ParMarkBitMap*) 0x00000000602f4040
 Begin Bits: [0x0000000012e00000, 0x0000000014600000)
 End Bits:   [0x0000000014600000, 0x0000000015e00000)

Polling page: 0x00000000016c0000

CodeCache: size=245760Kb used=58337Kb max_used=58337Kb free=187422Kb
 bounds [0x0000000003130000, 0x0000000006ac0000, 0x0000000012130000]
 total_blobs=16492 nmethods=15728 adapters=674
 compilation: enabled

Compilation events (10 events):
Event: 1062.741 Thread 0x0000000016aa4800 nmethod 20642 0x0000000005a41c50 code [0x0000000005a41e00, 0x0000000005a423b8]
Event: 1062.741 Thread 0x0000000016aa4800 20648   !   3       com.android.dx.dex.file.ClassDefsSection::add (75 bytes)
Event: 1062.742 Thread 0x0000000016aa4800 nmethod 20648 0x00000000046d5550 code [0x00000000046d57c0, 0x00000000046d6778]
Event: 1062.835 Thread 0x0000000016aa4800 20649   !   3       java.util.concurrent.ArrayBlockingQueue::offer (55 bytes)
Event: 1062.836 Thread 0x0000000016aa4800 nmethod 20649 0x00000000052932d0 code [0x00000000052934c0, 0x0000000005293e98]
Event: 1062.838 Thread 0x0000000016aa4800 20651   !   3       com.android.dx.cf.direct.DirectClassFile::parse (75 bytes)
Event: 1062.839 Thread 0x0000000016aa4800 nmethod 20651 0x0000000005a219d0 code [0x0000000005a21c40, 0x0000000005a22c38]
Event: 1062.839 Thread 0x0000000016aa4800 20650       3       com.android.dx.command.dexer.Main::parseClass (34 bytes)
Event: 1062.840 Thread 0x0000000016aa4800 nmethod 20650 0x00000000057a9910 code [0x00000000057a9ae0, 0x00000000057aa178]
Event: 1062.840 Thread 0x0000000016aa4800 20652   !   3       com.android.dx.command.dexer.Main$DirectClassFileConsumer::call (456 bytes)

GC Heap History (10 events):
Event: 1059.785 GC heap before
{Heap before GC invocations=42 (full 7):
 PSYoungGen      total 426496K, used 375886K [0x00000000e0000000, 0x0000000100000000, 0x0000000100000000)
  eden space 327168K, 100% used [0x00000000e0000000,0x00000000f3f80000,0x00000000f3f80000)
  from space 99328K, 49% used [0x00000000f9f00000,0x00000000fce93b28,0x0000000100000000)
  to   space 97792K, 0% used [0x00000000f3f80000,0x00000000f3f80000,0x00000000f9f00000)
 ParOldGen       total 257536K, used 159996K [0x00000000a0000000, 0x00000000afb80000, 0x00000000e0000000)
  object space 257536K, 62% used [0x00000000a0000000,0x00000000a9c3f1c8,0x00000000afb80000)
 Metaspace       used 71697K, capacity 74018K, committed 74368K, reserved 1114112K
  class space    used 9061K, capacity 9529K, committed 9600K, reserved 1048576K
Event: 1059.874 GC heap after
Heap after GC invocations=42 (full 7):
 PSYoungGen      total 355840K, used 28351K [0x00000000e0000000, 0x00000000ff580000, 0x0000000100000000)
  eden space 327168K, 0% used [0x00000000e0000000,0x00000000e0000000,0x00000000f3f80000)
  from space 28672K, 98% used [0x00000000f3f80000,0x00000000f5b2fe28,0x00000000f5b80000)
  to   space 93184K, 0% used [0x00000000f9a80000,0x00000000f9a80000,0x00000000ff580000)
 ParOldGen       total 257536K, used 188549K [0x00000000a0000000, 0x00000000afb80000, 0x00000000e0000000)
  object space 257536K, 73% used [0x00000000a0000000,0x00000000ab821558,0x00000000afb80000)
 Metaspace       used 71697K, capacity 74018K, committed 74368K, reserved 1114112K
  class space    used 9061K, capacity 9529K, committed 9600K, reserved 1048576K
}
Event: 1060.501 GC heap before
{Heap before GC invocations=43 (full 7):
 PSYoungGen      total 355840K, used 355519K [0x00000000e0000000, 0x00000000ff580000, 0x0000000100000000)
  eden space 327168K, 100% used [0x00000000e0000000,0x00000000f3f80000,0x00000000f3f80000)
  from space 28672K, 98% used [0x00000000f3f80000,0x00000000f5b2fe28,0x00000000f5b80000)
  to   space 93184K, 0% used [0x00000000f9a80000,0x00000000f9a80000,0x00000000ff580000)
 ParOldGen       total 257536K, used 188549K [0x00000000a0000000, 0x00000000afb80000, 0x00000000e0000000)
  object space 257536K, 73% used [0x00000000a0000000,0x00000000ab821558,0x00000000afb80000)
 Metaspace       used 71704K, capacity 74018K, committed 74368K, reserved 1114112K
  class space    used 9062K, capacity 9529K, committed 9600K, reserved 1048576K
Event: 1060.546 GC heap after
Heap after GC invocations=43 (full 7):
 PSYoungGen      total 423936K, used 24818K [0x00000000e0000000, 0x0000000100000000, 0x0000000100000000)
  eden space 330752K, 0% used [0x00000000e0000000,0x00000000e0000000,0x00000000f4300000)
  from space 93184K, 26% used [0x00000000f9a80000,0x00000000fb2bca40,0x00000000ff580000)
  to   space 89600K, 0% used [0x00000000f4300000,0x00000000f4300000,0x00000000f9a80000)
 ParOldGen       total 257536K, used 198449K [0x00000000a0000000, 0x00000000afb80000, 0x00000000e0000000)
  object space 257536K, 77% used [0x00000000a0000000,0x00000000ac1cc718,0x00000000afb80000)
 Metaspace       used 71704K, capacity 74018K, committed 74368K, reserved 1114112K
  class space    used 9062K, capacity 9529K, committed 9600K, reserved 1048576K
}
Event: 1061.139 GC heap before
{Heap before GC invocations=44 (full 7):
 PSYoungGen      total 423936K, used 355570K [0x00000000e0000000, 0x0000000100000000, 0x0000000100000000)
  eden space 330752K, 100% used [0x00000000e0000000,0x00000000f4300000,0x00000000f4300000)
  from space 93184K, 26% used [0x00000000f9a80000,0x00000000fb2bca40,0x00000000ff580000)
  to   space 89600K, 0% used [0x00000000f4300000,0x00000000f4300000,0x00000000f9a80000)
 ParOldGen       total 257536K, used 198449K [0x00000000a0000000, 0x00000000afb80000, 0x00000000e0000000)
  object space 257536K, 77% used [0x00000000a0000000,0x00000000ac1cc718,0x00000000afb80000)
 Metaspace       used 71708K, capacity 74018K, committed 74368K, reserved 1114112K
  class space    used 9062K, capacity 9529K, committed 9600K, reserved 1048576K
Event: 1061.224 GC heap after
Heap after GC invocations=44 (full 7):
 PSYoungGen      total 420352K, used 43851K [0x00000000e0000000, 0x00000000ff880000, 0x0000000100000000)
  eden space 330752K, 0% used [0x00000000e0000000,0x00000000e0000000,0x00000000f4300000)
  from space 89600K, 48% used [0x00000000f4300000,0x00000000f6dd2c08,0x00000000f9a80000)
  to   space 87552K, 0% used [0x00000000fa300000,0x00000000fa300000,0x00000000ff880000)
 ParOldGen       total 257536K, used 212241K [0x00000000a0000000, 0x00000000afb80000, 0x00000000e0000000)
  object space 257536K, 82% used [0x00000000a0000000,0x00000000acf444b0,0x00000000afb80000)
 Metaspace       used 71708K, capacity 74018K, committed 74368K, reserved 1114112K
  class space    used 9062K, capacity 9529K, committed 9600K, reserved 1048576K
}
Event: 1061.224 GC heap before
{Heap before GC invocations=45 (full 8):
 PSYoungGen      total 420352K, used 43851K [0x00000000e0000000, 0x00000000ff880000, 0x0000000100000000)
  eden space 330752K, 0% used [0x00000000e0000000,0x00000000e0000000,0x00000000f4300000)
  from space 89600K, 48% used [0x00000000f4300000,0x00000000f6dd2c08,0x00000000f9a80000)
  to   space 87552K, 0% used [0x00000000fa300000,0x00000000fa300000,0x00000000ff880000)
 ParOldGen       total 257536K, used 212241K [0x00000000a0000000, 0x00000000afb80000, 0x00000000e0000000)
  object space 257536K, 82% used [0x00000000a0000000,0x00000000acf444b0,0x00000000afb80000)
 Metaspace       used 71708K, capacity 74018K, committed 74368K, reserved 1114112K
  class space    used 9062K, capacity 9529K, committed 9600K, reserved 1048576K
Event: 1061.975 GC heap after
Heap after GC invocations=45 (full 8):
 PSYoungGen      total 420352K, used 0K [0x00000000e0000000, 0x00000000ff880000, 0x0000000100000000)
  eden space 330752K, 0% used [0x00000000e0000000,0x00000000e0000000,0x00000000f4300000)
  from space 89600K, 0% used [0x00000000f4300000,0x00000000f4300000,0x00000000f9a80000)
  to   space 87552K, 0% used [0x00000000fa300000,0x00000000fa300000,0x00000000ff880000)
 ParOldGen       total 257536K, used 134836K [0x00000000a0000000, 0x00000000afb80000, 0x00000000e0000000)
  object space 257536K, 52% used [0x00000000a0000000,0x00000000a83ad198,0x00000000afb80000)
 Metaspace       used 71708K, capacity 74018K, committed 74368K, reserved 1114112K
  class space    used 9062K, capacity 9529K, committed 9600K, reserved 1048576K
}
Event: 1062.762 GC heap before
{Heap before GC invocations=46 (full 8):
 PSYoungGen      total 420352K, used 330752K [0x00000000e0000000, 0x00000000ff880000, 0x0000000100000000)
  eden space 330752K, 100% used [0x00000000e0000000,0x00000000f4300000,0x00000000f4300000)
  from space 89600K, 0% used [0x00000000f4300000,0x00000000f4300000,0x00000000f9a80000)
  to   space 87552K, 0% used [0x00000000fa300000,0x00000000fa300000,0x00000000ff880000)
 ParOldGen       total 257536K, used 134836K [0x00000000a0000000, 0x00000000afb80000, 0x00000000e0000000)
  object space 257536K, 52% used [0x00000000a0000000,0x00000000a83ad198,0x00000000afb80000)
 Metaspace       used 71710K, capacity 74018K, committed 74368K, reserved 1114112K
  class space    used 9062K, capacity 9529K, committed 9600K, reserved 1048576K
Event: 1062.801 GC heap after
Heap after GC invocations=46 (full 8):
 PSYoungGen      total 431616K, used 19848K [0x00000000e0000000, 0x00000000ff900000, 0x0000000100000000)
  eden space 344064K, 0% used [0x00000000e0000000,0x00000000e0000000,0x00000000f5000000)
  from space 87552K, 22% used [0x00000000fa300000,0x00000000fb662170,0x00000000ff880000)
  to   space 84992K, 0% used [0x00000000f5000000,0x00000000f5000000,0x00000000fa300000)
 ParOldGen       total 257536K, used 134844K [0x00000000a0000000, 0x00000000afb80000, 0x00000000e0000000)
  object space 257536K, 52% used [0x00000000a0000000,0x00000000a83af198,0x00000000afb80000)
 Metaspace       used 71710K, capacity 74018K, committed 74368K, reserved 1114112K
  class space    used 9062K, capacity 9529K, committed 9600K, reserved 1048576K
}

Deoptimization events (10 events):
Event: 1055.105 Thread 0x000000001cde7800 Uncommon trap: reason=bimorphic action=maybe_recompile pc=0x0000000005e61e50 method=com.android.dx.dex.code.FixedSizeInsn.codeSize()I @ 7
Event: 1055.105 Thread 0x000000001cde7800 Uncommon trap: reason=bimorphic action=maybe_recompile pc=0x0000000005e61e50 method=com.android.dx.dex.code.FixedSizeInsn.codeSize()I @ 7
Event: 1055.105 Thread 0x000000001cde7800 Uncommon trap: reason=bimorphic action=maybe_recompile pc=0x0000000005e61e50 method=com.android.dx.dex.code.FixedSizeInsn.codeSize()I @ 7
Event: 1056.182 Thread 0x000000001cded800 Uncommon trap: reason=unstable_if action=reinterpret pc=0x0000000006806a1c method=com.android.dx.ssa.InterferenceRegisterMapper.areAnyPinned(Lcom/android/dx/rop/code/RegisterSpecList;II)Z @ 68
Event: 1057.071 Thread 0x0000000019d49800 Uncommon trap: reason=unstable_if action=reinterpret pc=0x00000000053d13ac method=com.android.dx.rop.code.RegisterSpecSet.equals(Ljava/lang/Object;)Z @ 30
Event: 1058.439 Thread 0x000000001cde6000 Uncommon trap: reason=unstable_if action=reinterpret pc=0x000000000543d068 method=com.android.dx.cf.code.Ropper.addOrReplaceBlock(Lcom/android/dx/rop/code/BasicBlock;Lcom/android/dx/util/IntList;)Z @ 24
Event: 1060.463 Thread 0x000000001cde6000 Uncommon trap: reason=unstable_if action=reinterpret pc=0x00000000069aa9e0 method=com.android.dx.cf.code.Simulator$SimVisitor.visitNoArgs(IIILcom/android/dx/rop/type/Type;)V @ 1291
Event: 1060.956 Thread 0x000000001cde1000 Uncommon trap: reason=unstable_if action=reinterpret pc=0x000000000466c534 method=com.android.dx.dex.cf.AttributeTranslator.getAnnotations0(Lcom/android/dx/cf/iface/AttributeList;)Lcom/android/dx/rop/annotation/Annotations; @ 42
Event: 1060.997 Thread 0x000000001cde7800 Uncommon trap: reason=class_check action=maybe_recompile pc=0x0000000005f6dfb4 method=com.android.dx.ssa.SCCP.simulateBranch(Lcom/android/dx/ssa/SsaInsn;)V @ 145
Event: 1062.106 Thread 0x000000001cde7800 Uncommon trap: reason=unstable_if action=reinterpret pc=0x00000000044301bc method=com.android.dx.dex.file.ValueEncoder.constantToValueType(Lcom/android/dx/rop/cst/Constant;)I @ 4

Internal exceptions (10 events):
Event: 1013.872 Thread 0x0000000019d35800 Implicit null exception at 0x0000000005ac7e11 to 0x0000000005ac8ce9
Event: 1021.520 Thread 0x0000000019d35800 Implicit null exception at 0x000000000513fa61 to 0x0000000005140111
Event: 1026.777 Thread 0x0000000019d40000 Exception <a 'sun/nio/fs/WindowsException'> (0x00000000e2fe5af8) thrown at [C:\re\workspace\8-2-build-windows-amd64-cygwin\jdk8u51\3951\hotspot\src\share\vm\prims\jni.cpp, line 709]
Event: 1026.777 Thread 0x0000000019d3e800 Exception <a 'sun/nio/fs/WindowsException'> (0x00000000e2fa0a58) thrown at [C:\re\workspace\8-2-build-windows-amd64-cygwin\jdk8u51\3951\hotspot\src\share\vm\prims\jni.cpp, line 709]
Event: 1026.777 Thread 0x0000000019d40000 Exception <a 'sun/nio/fs/WindowsException'> (0x00000000e2fe6218) thrown at [C:\re\workspace\8-2-build-windows-amd64-cygwin\jdk8u51\3951\hotspot\src\share\vm\prims\jni.cpp, line 709]
Event: 1026.777 Thread 0x0000000019d3e800 Exception <a 'sun/nio/fs/WindowsException'> (0x00000000e2fa1130) thrown at [C:\re\workspace\8-2-build-windows-amd64-cygwin\jdk8u51\3951\hotspot\src\share\vm\prims\jni.cpp, line 709]
Event: 1027.057 Thread 0x0000000019d35800 Implicit null exception at 0x000000000410eff4 to 0x000000000410f081
Event: 1029.406 Thread 0x0000000019d35800 Implicit null exception at 0x00000000058b7c2f to 0x00000000058b8075
Event: 1029.406 Thread 0x0000000019d35800 Implicit null exception at 0x00000000059962b5 to 0x000000000599845d
Event: 1029.406 Thread 0x0000000019d35800 Implicit null exception at 0x00000000057d1ea3 to 0x00000000057d217d

Events (10 events):
Event: 1062.694 Thread 0x000000001cdea000 Thread exited: 0x000000001cdea000
Event: 1062.729 Thread 0x000000001cde5800 Thread exited: 0x000000001cde5800
Event: 1062.757 Executing VM operation: ParallelGCFailedAllocation
Event: 1062.801 Executing VM operation: ParallelGCFailedAllocation done
Event: 1062.854 Thread 0x000000001cdea800 Thread exited: 0x000000001cdea800
Event: 1062.854 Thread 0x000000001cdeb800 Thread exited: 0x000000001cdeb800
Event: 1062.854 Thread 0x000000001cdec000 Thread exited: 0x000000001cdec000
Event: 1062.854 Thread 0x000000001cded000 Thread exited: 0x000000001cded000
Event: 1062.854 Thread 0x000000001cde4000 Thread exited: 0x000000001cde4000
Event: 1062.854 Thread 0x000000001cde4000 Thread added: 0x000000001cde4000


Dynamic libraries:
0x00007ff6fdab0000 - 0x00007ff6fdae7000 	C:\Program Files\Java\jdk1.8.0_51\bin\java.exe
0x00007ffedf210000 - 0x00007ffedf3d1000 	C:\WINDOWS\SYSTEM32\ntdll.dll
0x00007ffedd9d0000 - 0x00007ffedda7d000 	C:\WINDOWS\system32\KERNEL32.DLL
0x00007ffedb980000 - 0x00007ffedbb68000 	C:\WINDOWS\system32\KERNELBASE.dll
0x00007ffedd4a0000 - 0x00007ffedd547000 	C:\WINDOWS\system32\ADVAPI32.dll
0x00007ffedd700000 - 0x00007ffedd79d000 	C:\WINDOWS\system32\msvcrt.dll
0x00007ffedda80000 - 0x00007ffeddadb000 	C:\WINDOWS\system32\sechost.dll
0x00007ffedd270000 - 0x00007ffedd38c000 	C:\WINDOWS\system32\RPCRT4.dll
0x00007ffedc740000 - 0x00007ffedc896000 	C:\WINDOWS\system32\USER32.dll
0x00007ffedd7a0000 - 0x00007ffedd926000 	C:\WINDOWS\system32\GDI32.dll
0x00007ffecf3a0000 - 0x00007ffecf614000 	C:\WINDOWS\WinSxS\amd64_microsoft.windows.common-controls_6595b64144ccf1df_6.0.10586.0_none_8c15ae12515e1c22\COMCTL32.dll
0x00007ffedc8a0000 - 0x00007ffedcb1d000 	C:\WINDOWS\system32\combase.dll
0x00007ffedbc00000 - 0x00007ffedbc6a000 	C:\WINDOWS\system32\bcryptPrimitives.dll
0x00007ffedd990000 - 0x00007ffedd9cb000 	C:\WINDOWS\system32\IMM32.DLL
0x0000000060380000 - 0x0000000060452000 	C:\Program Files\Java\jdk1.8.0_51\jre\bin\msvcr100.dll
0x000000005faf0000 - 0x0000000060373000 	C:\Program Files\Java\jdk1.8.0_51\jre\bin\server\jvm.dll
0x00007ffedf040000 - 0x00007ffedf048000 	C:\WINDOWS\system32\PSAPI.DLL
0x00007ffed9f70000 - 0x00007ffed9f93000 	C:\WINDOWS\SYSTEM32\WINMM.dll
0x00007ffece7f0000 - 0x00007ffece7fa000 	C:\WINDOWS\SYSTEM32\VERSION.dll
0x00007ffed2b50000 - 0x00007ffed2b59000 	C:\WINDOWS\SYSTEM32\WSOCK32.dll
0x00007ffedf1a0000 - 0x00007ffedf20b000 	C:\WINDOWS\system32\WS2_32.dll
0x00007ffed9ee0000 - 0x00007ffed9f0c000 	C:\WINDOWS\SYSTEM32\WINMMBASE.dll
0x00007ffedbf10000 - 0x00007ffedbf53000 	C:\WINDOWS\system32\cfgmgr32.dll
0x000000005fae0000 - 0x000000005faef000 	C:\Program Files\Java\jdk1.8.0_51\jre\bin\verify.dll
0x000000005fab0000 - 0x000000005fad9000 	C:\Program Files\Java\jdk1.8.0_51\jre\bin\java.dll
0x000000005fa90000 - 0x000000005faa6000 	C:\Program Files\Java\jdk1.8.0_51\jre\bin\zip.dll
0x00007ffeddae0000 - 0x00007ffedf03c000 	C:\WINDOWS\system32\SHELL32.dll
0x00007ffedbfc0000 - 0x00007ffedc604000 	C:\WINDOWS\system32\windows.storage.dll
0x00007ffedd930000 - 0x00007ffedd982000 	C:\WINDOWS\system32\shlwapi.dll
0x00007ffedb840000 - 0x00007ffedb84f000 	C:\WINDOWS\system32\kernel.appcore.dll
0x00007ffedb8c0000 - 0x00007ffedb975000 	C:\WINDOWS\system32\shcore.dll
0x00007ffedb870000 - 0x00007ffedb8bb000 	C:\WINDOWS\system32\powrprof.dll
0x00007ffedb850000 - 0x00007ffedb864000 	C:\WINDOWS\system32\profapi.dll
0x000000005fa70000 - 0x000000005fa8a000 	C:\Program Files\Java\jdk1.8.0_51\jre\bin\net.dll
0x00007ffedb160000 - 0x00007ffedb1bc000 	C:\WINDOWS\system32\mswsock.dll
0x000000005fa50000 - 0x000000005fa61000 	C:\Program Files\Java\jdk1.8.0_51\jre\bin\nio.dll
0x00007ffed1260000 - 0x00007ffed1272000 	C:\Users\Wald\.gradle\native\19\windows-amd64\native-platform.dll
0x00007ffedb210000 - 0x00007ffedb227000 	C:\WINDOWS\SYSTEM32\CRYPTSP.dll
0x00007ffedaea0000 - 0x00007ffedaed4000 	C:\WINDOWS\system32\rsaenh.dll
0x00007ffedb430000 - 0x00007ffedb459000 	C:\WINDOWS\SYSTEM32\bcrypt.dll
0x00007ffedaff0000 - 0x00007ffedb00f000 	C:\WINDOWS\SYSTEM32\USERENV.dll
0x00007ffedb330000 - 0x00007ffedb33b000 	C:\WINDOWS\SYSTEM32\CRYPTBASE.dll
0x00007ffed7dc0000 - 0x00007ffed7df8000 	C:\WINDOWS\SYSTEM32\IPHLPAPI.DLL
0x00007ffedd250000 - 0x00007ffedd258000 	C:\WINDOWS\system32\NSI.dll
0x00007ffecede0000 - 0x00007ffecedf6000 	C:\WINDOWS\SYSTEM32\dhcpcsvc6.DLL
0x00007ffecf9e0000 - 0x00007ffecf9fa000 	C:\WINDOWS\SYSTEM32\dhcpcsvc.DLL
0x000000005fa40000 - 0x000000005fa4d000 	C:\Program Files\Java\jdk1.8.0_51\jre\bin\management.dll
0x00007ffedad80000 - 0x00007ffedadb1000 	C:\WINDOWS\SYSTEM32\ntmarta.dll
0x00007ffeca4d0000 - 0x00007ffeca56c000 	C:\WINDOWS\SYSTEM32\efswrt.dll
0x00007ffedc670000 - 0x00007ffedc731000 	C:\WINDOWS\system32\OLEAUT32.dll
0x00007ffed7940000 - 0x00007ffed7a76000 	C:\WINDOWS\SYSTEM32\wintypes.dll
0x00007ffeca480000 - 0x00007ffeca4d0000 	C:\WINDOWS\SYSTEM32\edputil.dll

VM Arguments:
jvm_args: -Xmx1536m -Dfile.encoding=windows-1251 -Duser.country=RU -Duser.language=ru -Duser.variant 
java_command: org.gradle.launcher.daemon.bootstrap.GradleDaemon 2.14.1
java_class_path (initial): C:\Program Files\Android\Android Studio\gradle\gradle-2.14.1\lib\gradle-launcher-2.14.1.jar
Launcher Type: SUN_STANDARD

Environment Variables:
JAVA_HOME=C:\NVPACK\jdk1.7.0_71
PATH=C:\ProgramData\Oracle\Java\javapath;C:\WINDOWS\system32;C:\WINDOWS;C:\WINDOWS\System32\Wbem;C:\WINDOWS\System32\WindowsPowerShell\v1.0\;C:\Program Files (x86)\ATI Technologies\ATI.ACE\Core-Static;C:\Program Files (x86)\AMD\ATI.ACE\Core-Static;C:\Program Files\Java\jdk1.8.0_51;C:\adb;C:\Program Files (x86)\Skype\Phone\;C:\WINDOWS\system32;C:\WINDOWS;C:\WINDOWS\System32\Wbem;C:\WINDOWS\System32\WindowsPowerShell\v1.0\;C:\Users\Wald\AppData\Local\Android\sdk\platform-tools;C:\Users\Wald\AppData\Local\Android\sdk\platform;C:\Users\Wald\AppData\Local\Android\sdk1\platform-tools;C:\Users\Wald\AppData\Local\Android\sdk1\platform;C:\Users\Wald\AppData\Local\Android\sdk;C:\Program Files (x86)\GtkSharp\2.12\bin;C:\SQLite;C:\Program Files\Git\cmd;C:\NVPACK\gradle-2.2.1\bin;C:\NVPACK\apache-ant-1.8.2\bin;C:\NVPACK\jdk1.7.0_71\bin;C:\NVPACK\android-ndk-r11c;C:\NVPACK\android-sdk-windows\build-tools;C:\NVPACK\android-sdk-windows\platform-tools;C:\NVPACK\android-sdk-windows\tools;C:\NVPACK\android-sdk-windows\extras\android\support;C:\Program Files\Java\jdk1.8.0_51
USERNAME=Wald
OS=Windows_NT
PROCESSOR_IDENTIFIER=Intel64 Family 6 Model 69 Stepping 1, GenuineIntel



---------------  S Y S T E M  ---------------

OS: Windows 10.0 , 64 bit Build 10586 (10.0.10586.0)

CPU:total 4 (2 cores per cpu, 2 threads per core) family 6 model 69 stepping 1, cmov, cx8, fxsr, mmx, sse, sse2, sse3, ssse3, sse4.1, sse4.2, popcnt, avx, avx2, aes, clmul, erms, lzcnt, ht, tsc, tscinvbit, bmi1, bmi2

Memory: 4k page, physical 8274284k(584620k free), swap 8274284k(5304k free)

vm_info: Java HotSpot(TM) 64-Bit Server VM (25.51-b03) for windows-amd64 JRE (1.8.0_51-b16), built on Jun  8 2015 18:03:07 by "java_re" with MS VC++ 10.0 (VS2010)

time: Wed Dec 21 19:14:41 2016
elapsed time: 1063 seconds (0d 0h 17m 43s)

